<?xml version="1.0" encoding="UTF-8"?>
<!-- Generated by org.testng.reporters.JUnitXMLReporter -->
<testsuite ignored="0" hostname="DESKTOP-HH7A1A5" failures="0" tests="11" name="TestRail Testcases" time="71.255" errors="0" timestamp="22 Feb 2021 03:21:04 GMT">
  <testcase classname="com.testrail.testcases.LoginPageTest" name="loginPageTitleTest" time="0.01"/>
  <testcase classname="com.testrail.testcases.HomePageTest" name="homePageTitleTest" time="0.005"/>
  <testcase classname="com.testrail.testcases.DashBoardPageTest" name="dashBoardTitleTest" time="0.01"/>
  <testcase classname="com.testrail.testcases.OverviewPageTest" name="OverviewTitleTest" time="0.039"/>
  <testcase classname="com.testrail.testcases.AddTestCasePageTest" name="VerifyTestCasePageTitle" time="0.007"/>
  <testcase classname="com.testrail.testcases.LoginPageTest" name="loginApp" time="1.512"/>
  <testcase classname="com.testrail.testcases.HomePageTest" name="clickAddProjectLink" time="4.25"/>
  <testcase classname="com.testrail.testcases.DashBoardPageTest" name="clickProjectLink" time="0.738"/>
  <testcase classname="com.testrail.testcases.OverviewPageTest" name="addTestCase" time="0.402"/>
  <testcase classname="com.testrail.testcases.AddTestCasePageTest" name="addNewTestCase" time="0.716"/>
  <testcase classname="com.testrail.testcases.HomePageTest" name="clickDashboard" time="0.28"/>
</testsuite> <!-- TestRail Testcases -->
