<?xml version="1.0" encoding="UTF-8"?>
<!-- Generated by org.testng.reporters.JUnitXMLReporter -->
<testsuite ignored="1" hostname="DESKTOP-HH7A1A5" failures="0" tests="1" name="Default test" time="5.816" errors="0" timestamp="22 Feb 2021 03:06:24 GMT">
  <testcase classname="com.testrail.testcases.AddTestCasePageTest" name="addNewTestCase" time="0.82"/>
  <testcase classname="com.testrail.testcases.AddTestCasePageTest" name="VerifyTestCasePageTitle" time="0.0">
    <ignored/>
  </testcase> <!-- VerifyTestCasePageTitle -->
</testsuite> <!-- Default test -->
